2019-04-17 00:00:28.170 [main] INFO  com.label.LabelApplication -Starting LabelApplication on xfduan-pc.local with PID 855 (/Users/xfduan/WorkSpaces/personal/silly-label/server/target/classes started by xfduan in /Users/xfduan/WorkSpaces/personal/silly-label)
2019-04-17 00:00:28.177 [main] INFO  com.label.LabelApplication -No active profile set, falling back to default profiles: default
2019-04-17 00:00:28.862 [main] INFO  o.s.d.r.c.RepositoryConfigurationDelegate -Bootstrapping Spring Data repositories in DEFAULT mode.
2019-04-17 00:00:28.941 [main] INFO  o.s.d.r.c.RepositoryConfigurationDelegate -Finished Spring Data repository scanning in 71ms. Found 11 repository interfaces.
2019-04-17 00:00:29.267 [main] INFO  o.s.c.s.PostProcessorRegistrationDelegate$BeanPostProcessorChecker -Bean 'org.springframework.transaction.annotation.ProxyTransactionManagementConfiguration' of type [org.springframework.transaction.annotation.ProxyTransactionManagementConfiguration$$EnhancerBySpringCGLIB$$175873bc] is not eligible for getting processed by all BeanPostProcessors (for example: not eligible for auto-proxying)
2019-04-17 00:00:29.656 [main] INFO  o.s.b.w.e.tomcat.TomcatWebServer -Tomcat initialized with port(s): 8080 (http)
2019-04-17 00:00:29.678 [main] INFO  o.a.catalina.core.StandardService -Starting service [Tomcat]
2019-04-17 00:00:29.679 [main] INFO  o.a.catalina.core.StandardEngine -Starting Servlet engine: [Apache Tomcat/9.0.16]
2019-04-17 00:00:29.688 [main] INFO  o.a.c.core.AprLifecycleListener -The APR based Apache Tomcat Native library which allows optimal performance in production environments was not found on the java.library.path: [/Users/xfduan/Library/Java/Extensions:/Library/Java/Extensions:/Network/Library/Java/Extensions:/System/Library/Java/Extensions:/usr/lib/java:.]
2019-04-17 00:00:29.771 [main] INFO  o.a.c.c.C.[Tomcat].[localhost].[/] -Initializing Spring embedded WebApplicationContext
2019-04-17 00:00:29.772 [main] INFO  o.s.web.context.ContextLoader -Root WebApplicationContext: initialization completed in 1561 ms
2019-04-17 00:00:29.992 [main] INFO  c.alibaba.druid.pool.DruidDataSource -{dataSource-1} inited
2019-04-17 00:00:31.349 [main] INFO  o.h.jpa.internal.util.LogHelper -HHH000204: Processing PersistenceUnitInfo [
	name: default
	...]
2019-04-17 00:00:31.422 [main] INFO  org.hibernate.Version -HHH000412: Hibernate Core {5.3.7.Final}
2019-04-17 00:00:31.423 [main] INFO  org.hibernate.cfg.Environment -HHH000206: hibernate.properties not found
2019-04-17 00:00:31.625 [main] INFO  o.h.annotations.common.Version -HCANN000001: Hibernate Commons Annotations {5.0.4.Final}
2019-04-17 00:00:31.768 [main] INFO  org.hibernate.dialect.Dialect -HHH000400: Using dialect: org.hibernate.dialect.MySQL5Dialect
2019-04-17 00:00:33.257 [main] INFO  o.s.o.j.LocalContainerEntityManagerFactoryBean -Initialized JPA EntityManagerFactory for persistence unit 'default'
2019-04-17 00:00:33.729 [main] INFO  com.label.service.CacheServiceImpl -初始化cookie信息
2019-04-17 00:00:33.903 [main] INFO  com.label.service.CacheServiceImpl -初始化cookie信息结束
2019-04-17 00:00:34.166 [main] INFO  s.d.s.w.PropertySourcedRequestMappingHandlerMapping -Mapped URL path [/v2/api-docs] onto method [public org.springframework.http.ResponseEntity<springfox.documentation.spring.web.json.Json> springfox.documentation.swagger2.web.Swagger2Controller.getDocumentation(java.lang.String,javax.servlet.http.HttpServletRequest)]
2019-04-17 00:00:34.306 [main] WARN  o.s.b.a.o.j.JpaBaseConfiguration$JpaWebConfiguration$JpaWebMvcConfiguration -spring.jpa.open-in-view is enabled by default. Therefore, database queries may be performed during view rendering. Explicitly configure spring.jpa.open-in-view to disable this warning
2019-04-17 00:00:34.545 [main] INFO  s.d.s.w.p.DocumentationPluginsBootstrapper -Context refreshed
2019-04-17 00:00:34.566 [main] INFO  s.d.s.w.p.DocumentationPluginsBootstrapper -Found 1 custom documentation plugin(s)
2019-04-17 00:00:34.592 [main] INFO  s.d.s.w.s.ApiListingReferenceScanner -Scanning for api listing references
2019-04-17 00:00:34.769 [main] INFO  o.s.b.w.e.tomcat.TomcatWebServer -Tomcat started on port(s): 8080 (http) with context path ''
2019-04-17 00:00:34.773 [main] INFO  com.label.LabelApplication -Started LabelApplication in 26.989 seconds (JVM running for 27.552)
2019-04-17 00:00:41.570 [http-nio-8080-exec-1] INFO  o.a.c.c.C.[Tomcat].[localhost].[/] -Initializing Spring DispatcherServlet 'dispatcherServlet'
2019-04-17 00:00:41.572 [http-nio-8080-exec-1] INFO  o.s.web.servlet.DispatcherServlet -Initializing Servlet 'dispatcherServlet'
2019-04-17 00:00:41.580 [http-nio-8080-exec-1] INFO  o.s.web.servlet.DispatcherServlet -Completed initialization in 8 ms
2019-04-17 00:00:41.595 [http-nio-8080-exec-1] WARN  o.s.web.servlet.PageNotFound -No mapping for GET /template/v2/api-docs
2019-04-17 00:01:07.509 [http-nio-8080-exec-3] WARN  o.s.web.servlet.PageNotFound -No mapping for GET /swagger
2019-04-17 00:49:31.775 [Thread-3] INFO  o.s.o.j.LocalContainerEntityManagerFactoryBean -Closing JPA EntityManagerFactory for persistence unit 'default'
2019-04-17 00:49:31.823 [Thread-3] INFO  c.alibaba.druid.pool.DruidDataSource -{dataSource-1} closed
2019-04-17 00:51:18.561 [main] INFO  com.label.LabelApplication -Starting LabelApplication on xfduan-pc.local with PID 1847 (/Users/xfduan/WorkSpaces/personal/silly-label/server/target/classes started by xfduan in /Users/xfduan/WorkSpaces/personal/silly-label)
2019-04-17 00:51:18.566 [main] INFO  com.label.LabelApplication -No active profile set, falling back to default profiles: default
2019-04-17 00:51:19.256 [main] INFO  o.s.d.r.c.RepositoryConfigurationDelegate -Bootstrapping Spring Data repositories in DEFAULT mode.
2019-04-17 00:51:19.336 [main] INFO  o.s.d.r.c.RepositoryConfigurationDelegate -Finished Spring Data repository scanning in 73ms. Found 11 repository interfaces.
2019-04-17 00:51:19.657 [main] INFO  o.s.c.s.PostProcessorRegistrationDelegate$BeanPostProcessorChecker -Bean 'org.springframework.transaction.annotation.ProxyTransactionManagementConfiguration' of type [org.springframework.transaction.annotation.ProxyTransactionManagementConfiguration$$EnhancerBySpringCGLIB$$93e0d5db] is not eligible for getting processed by all BeanPostProcessors (for example: not eligible for auto-proxying)
2019-04-17 00:51:20.086 [main] INFO  o.s.b.w.e.tomcat.TomcatWebServer -Tomcat initialized with port(s): 8080 (http)
2019-04-17 00:51:20.109 [main] INFO  o.a.catalina.core.StandardService -Starting service [Tomcat]
2019-04-17 00:51:20.109 [main] INFO  o.a.catalina.core.StandardEngine -Starting Servlet engine: [Apache Tomcat/9.0.16]
2019-04-17 00:51:20.118 [main] INFO  o.a.c.core.AprLifecycleListener -The APR based Apache Tomcat Native library which allows optimal performance in production environments was not found on the java.library.path: [/Users/xfduan/Library/Java/Extensions:/Library/Java/Extensions:/Network/Library/Java/Extensions:/System/Library/Java/Extensions:/usr/lib/java:.]
2019-04-17 00:51:20.209 [main] INFO  o.a.c.c.C.[Tomcat].[localhost].[/] -Initializing Spring embedded WebApplicationContext
2019-04-17 00:51:20.210 [main] INFO  o.s.web.context.ContextLoader -Root WebApplicationContext: initialization completed in 1612 ms
2019-04-17 00:51:20.426 [main] INFO  c.alibaba.druid.pool.DruidDataSource -{dataSource-1} inited
2019-04-17 00:51:21.536 [main] INFO  o.h.jpa.internal.util.LogHelper -HHH000204: Processing PersistenceUnitInfo [
	name: default
	...]
2019-04-17 00:51:21.604 [main] INFO  org.hibernate.Version -HHH000412: Hibernate Core {5.3.7.Final}
2019-04-17 00:51:21.606 [main] INFO  org.hibernate.cfg.Environment -HHH000206: hibernate.properties not found
2019-04-17 00:51:21.790 [main] INFO  o.h.annotations.common.Version -HCANN000001: Hibernate Commons Annotations {5.0.4.Final}
2019-04-17 00:51:21.925 [main] INFO  org.hibernate.dialect.Dialect -HHH000400: Using dialect: org.hibernate.dialect.MySQL5Dialect
2019-04-17 00:51:23.496 [main] INFO  o.s.o.j.LocalContainerEntityManagerFactoryBean -Initialized JPA EntityManagerFactory for persistence unit 'default'
2019-04-17 00:51:23.991 [main] INFO  com.label.service.CacheServiceImpl -初始化cookie信息
2019-04-17 00:51:24.159 [main] INFO  com.label.service.CacheServiceImpl -初始化cookie信息结束
2019-04-17 00:51:24.369 [main] WARN  o.s.b.a.o.j.JpaBaseConfiguration$JpaWebConfiguration$JpaWebMvcConfiguration -spring.jpa.open-in-view is enabled by default. Therefore, database queries may be performed during view rendering. Explicitly configure spring.jpa.open-in-view to disable this warning
2019-04-17 00:51:24.569 [main] INFO  s.d.s.w.PropertySourcedRequestMappingHandlerMapping -Mapped URL path [/v2/api-docs] onto method [public org.springframework.http.ResponseEntity<springfox.documentation.spring.web.json.Json> springfox.documentation.swagger2.web.Swagger2Controller.getDocumentation(java.lang.String,javax.servlet.http.HttpServletRequest)]
2019-04-17 00:51:24.839 [main] INFO  s.d.s.w.p.DocumentationPluginsBootstrapper -Context refreshed
2019-04-17 00:51:24.857 [main] INFO  s.d.s.w.p.DocumentationPluginsBootstrapper -Found 1 custom documentation plugin(s)
2019-04-17 00:51:24.882 [main] INFO  s.d.s.w.s.ApiListingReferenceScanner -Scanning for api listing references
2019-04-17 00:51:25.055 [main] INFO  o.s.b.w.e.tomcat.TomcatWebServer -Tomcat started on port(s): 8080 (http) with context path ''
2019-04-17 00:51:25.057 [main] INFO  com.label.LabelApplication -Started LabelApplication in 26.889 seconds (JVM running for 27.418)
2019-04-17 00:52:05.004 [http-nio-8080-exec-1] INFO  o.a.c.c.C.[Tomcat].[localhost].[/] -Initializing Spring DispatcherServlet 'dispatcherServlet'
2019-04-17 00:52:05.006 [http-nio-8080-exec-1] INFO  o.s.web.servlet.DispatcherServlet -Initializing Servlet 'dispatcherServlet'
2019-04-17 00:52:05.017 [http-nio-8080-exec-1] INFO  o.s.web.servlet.DispatcherServlet -Completed initialization in 11 ms
2019-04-17 01:00:24.927 [Thread-3] INFO  o.s.o.j.LocalContainerEntityManagerFactoryBean -Closing JPA EntityManagerFactory for persistence unit 'default'
2019-04-17 01:00:24.968 [Thread-3] INFO  c.alibaba.druid.pool.DruidDataSource -{dataSource-1} closed
2019-04-17 01:00:47.607 [main] INFO  com.label.LabelApplication -Starting LabelApplication on xfduan-pc.local with PID 1925 (/Users/xfduan/WorkSpaces/personal/silly-label/server/target/classes started by xfduan in /Users/xfduan/WorkSpaces/personal/silly-label)
2019-04-17 01:00:47.611 [main] INFO  com.label.LabelApplication -No active profile set, falling back to default profiles: default
2019-04-17 01:00:48.327 [main] INFO  o.s.d.r.c.RepositoryConfigurationDelegate -Bootstrapping Spring Data repositories in DEFAULT mode.
2019-04-17 01:00:48.417 [main] INFO  o.s.d.r.c.RepositoryConfigurationDelegate -Finished Spring Data repository scanning in 82ms. Found 11 repository interfaces.
2019-04-17 01:00:48.755 [main] INFO  o.s.c.s.PostProcessorRegistrationDelegate$BeanPostProcessorChecker -Bean 'org.springframework.transaction.annotation.ProxyTransactionManagementConfiguration' of type [org.springframework.transaction.annotation.ProxyTransactionManagementConfiguration$$EnhancerBySpringCGLIB$$6d6a6052] is not eligible for getting processed by all BeanPostProcessors (for example: not eligible for auto-proxying)
2019-04-17 01:00:49.147 [main] INFO  o.s.b.w.e.tomcat.TomcatWebServer -Tomcat initialized with port(s): 8080 (http)
2019-04-17 01:00:49.169 [main] INFO  o.a.catalina.core.StandardService -Starting service [Tomcat]
2019-04-17 01:00:49.170 [main] INFO  o.a.catalina.core.StandardEngine -Starting Servlet engine: [Apache Tomcat/9.0.16]
2019-04-17 01:00:49.179 [main] INFO  o.a.c.core.AprLifecycleListener -The APR based Apache Tomcat Native library which allows optimal performance in production environments was not found on the java.library.path: [/Users/xfduan/Library/Java/Extensions:/Library/Java/Extensions:/Network/Library/Java/Extensions:/System/Library/Java/Extensions:/usr/lib/java:.]
2019-04-17 01:00:49.266 [main] INFO  o.a.c.c.C.[Tomcat].[localhost].[/] -Initializing Spring embedded WebApplicationContext
2019-04-17 01:00:49.266 [main] INFO  o.s.web.context.ContextLoader -Root WebApplicationContext: initialization completed in 1621 ms
2019-04-17 01:00:49.494 [main] INFO  c.alibaba.druid.pool.DruidDataSource -{dataSource-1} inited
2019-04-17 01:00:50.652 [main] INFO  o.h.jpa.internal.util.LogHelper -HHH000204: Processing PersistenceUnitInfo [
	name: default
	...]
2019-04-17 01:00:50.750 [main] INFO  org.hibernate.Version -HHH000412: Hibernate Core {5.3.7.Final}
2019-04-17 01:00:50.752 [main] INFO  org.hibernate.cfg.Environment -HHH000206: hibernate.properties not found
2019-04-17 01:00:50.908 [main] INFO  o.h.annotations.common.Version -HCANN000001: Hibernate Commons Annotations {5.0.4.Final}
2019-04-17 01:00:51.046 [main] INFO  org.hibernate.dialect.Dialect -HHH000400: Using dialect: org.hibernate.dialect.MySQL5Dialect
2019-04-17 01:00:52.407 [main] INFO  o.s.o.j.LocalContainerEntityManagerFactoryBean -Initialized JPA EntityManagerFactory for persistence unit 'default'
2019-04-17 01:00:52.888 [main] INFO  com.label.service.CacheServiceImpl -初始化cookie信息
2019-04-17 01:00:53.054 [main] INFO  com.label.service.CacheServiceImpl -初始化cookie信息结束
2019-04-17 01:00:53.263 [main] WARN  o.s.b.a.o.j.JpaBaseConfiguration$JpaWebConfiguration$JpaWebMvcConfiguration -spring.jpa.open-in-view is enabled by default. Therefore, database queries may be performed during view rendering. Explicitly configure spring.jpa.open-in-view to disable this warning
2019-04-17 01:00:53.469 [main] INFO  s.d.s.w.PropertySourcedRequestMappingHandlerMapping -Mapped URL path [/v2/api-docs] onto method [public org.springframework.http.ResponseEntity<springfox.documentation.spring.web.json.Json> springfox.documentation.swagger2.web.Swagger2Controller.getDocumentation(java.lang.String,javax.servlet.http.HttpServletRequest)]
2019-04-17 01:00:53.790 [main] INFO  s.d.s.w.p.DocumentationPluginsBootstrapper -Context refreshed
2019-04-17 01:00:53.810 [main] INFO  s.d.s.w.p.DocumentationPluginsBootstrapper -Found 1 custom documentation plugin(s)
2019-04-17 01:00:53.837 [main] INFO  s.d.s.w.s.ApiListingReferenceScanner -Scanning for api listing references
2019-04-17 01:00:54.007 [main] INFO  o.s.b.w.e.tomcat.TomcatWebServer -Tomcat started on port(s): 8080 (http) with context path ''
2019-04-17 01:00:54.010 [main] INFO  com.label.LabelApplication -Started LabelApplication in 26.786 seconds (JVM running for 27.324)
2019-04-17 01:01:50.123 [http-nio-8080-exec-1] INFO  o.a.c.c.C.[Tomcat].[localhost].[/] -Initializing Spring DispatcherServlet 'dispatcherServlet'
2019-04-17 01:01:50.125 [http-nio-8080-exec-1] INFO  o.s.web.servlet.DispatcherServlet -Initializing Servlet 'dispatcherServlet'
2019-04-17 01:01:50.136 [http-nio-8080-exec-1] INFO  o.s.web.servlet.DispatcherServlet -Completed initialization in 11 ms
2019-04-17 01:03:10.377 [Thread-3] INFO  o.s.o.j.LocalContainerEntityManagerFactoryBean -Closing JPA EntityManagerFactory for persistence unit 'default'
2019-04-17 01:03:10.398 [Thread-3] INFO  c.alibaba.druid.pool.DruidDataSource -{dataSource-1} closed
2019-04-17 01:04:25.670 [main] INFO  com.label.LabelApplication -Starting LabelApplication on xfduan-pc.local with PID 1956 (/Users/xfduan/WorkSpaces/personal/silly-label/server/target/classes started by xfduan in /Users/xfduan/WorkSpaces/personal/silly-label)
2019-04-17 01:04:25.675 [main] INFO  com.label.LabelApplication -No active profile set, falling back to default profiles: default
2019-04-17 01:04:26.251 [main] WARN  o.s.b.w.s.c.AnnotationConfigServletWebServerApplicationContext -Exception encountered during context initialization - cancelling refresh attempt: org.springframework.beans.factory.parsing.BeanDefinitionParsingException: Configuration problem: @Bean method 'authenticationInterceptor' must not be private or final; change the method's modifiers to continue
Offending resource: class path resource [com/label/configuration/WebMvcConfigurer.class]
2019-04-17 01:04:26.258 [main] INFO  o.s.b.a.l.ConditionEvaluationReportLoggingListener -

Error starting ApplicationContext. To display the conditions report re-run your application with 'debug' enabled.
2019-04-17 01:04:26.262 [main] ERROR o.s.boot.SpringApplication -Application run failed
org.springframework.beans.factory.parsing.BeanDefinitionParsingException: Configuration problem: @Bean method 'authenticationInterceptor' must not be private or final; change the method's modifiers to continue
Offending resource: class path resource [com/label/configuration/WebMvcConfigurer.class]
	at org.springframework.beans.factory.parsing.FailFastProblemReporter.error(FailFastProblemReporter.java:72)
	at org.springframework.context.annotation.BeanMethod.validate(BeanMethod.java:50)
	at org.springframework.context.annotation.ConfigurationClass.validate(ConfigurationClass.java:222)
	at org.springframework.context.annotation.ConfigurationClassParser.validate(ConfigurationClassParser.java:208)
	at org.springframework.context.annotation.ConfigurationClassPostProcessor.processConfigBeanDefinitions(ConfigurationClassPostProcessor.java:316)
	at org.springframework.context.annotation.ConfigurationClassPostProcessor.postProcessBeanDefinitionRegistry(ConfigurationClassPostProcessor.java:232)
	at org.springframework.context.support.PostProcessorRegistrationDelegate.invokeBeanDefinitionRegistryPostProcessors(PostProcessorRegistrationDelegate.java:275)
	at org.springframework.context.support.PostProcessorRegistrationDelegate.invokeBeanFactoryPostProcessors(PostProcessorRegistrationDelegate.java:95)
	at org.springframework.context.support.AbstractApplicationContext.invokeBeanFactoryPostProcessors(AbstractApplicationContext.java:705)
	at org.springframework.context.support.AbstractApplicationContext.refresh(AbstractApplicationContext.java:531)
	at org.springframework.boot.web.servlet.context.ServletWebServerApplicationContext.refresh(ServletWebServerApplicationContext.java:142)
	at org.springframework.boot.SpringApplication.refresh(SpringApplication.java:775)
	at org.springframework.boot.SpringApplication.refreshContext(SpringApplication.java:397)
	at org.springframework.boot.SpringApplication.run(SpringApplication.java:316)
	at org.springframework.boot.SpringApplication.run(SpringApplication.java:1260)
	at org.springframework.boot.SpringApplication.run(SpringApplication.java:1248)
	at com.label.LabelApplication.main(LabelApplication.java:10)
2019-04-17 01:09:12.208 [main] INFO  com.label.LabelApplication -Starting LabelApplication on xfduan-pc.local with PID 1975 (/Users/xfduan/WorkSpaces/personal/silly-label/server/target/classes started by xfduan in /Users/xfduan/WorkSpaces/personal/silly-label)
2019-04-17 01:09:12.213 [main] INFO  com.label.LabelApplication -No active profile set, falling back to default profiles: default
2019-04-17 01:09:13.035 [main] INFO  o.s.d.r.c.RepositoryConfigurationDelegate -Bootstrapping Spring Data repositories in DEFAULT mode.
2019-04-17 01:09:13.135 [main] INFO  o.s.d.r.c.RepositoryConfigurationDelegate -Finished Spring Data repository scanning in 90ms. Found 11 repository interfaces.
2019-04-17 01:09:13.537 [main] INFO  o.s.c.s.PostProcessorRegistrationDelegate$BeanPostProcessorChecker -Bean 'org.springframework.transaction.annotation.ProxyTransactionManagementConfiguration' of type [org.springframework.transaction.annotation.ProxyTransactionManagementConfiguration$$EnhancerBySpringCGLIB$$72c0dea7] is not eligible for getting processed by all BeanPostProcessors (for example: not eligible for auto-proxying)
2019-04-17 01:09:13.998 [main] INFO  o.s.b.w.e.tomcat.TomcatWebServer -Tomcat initialized with port(s): 8080 (http)
2019-04-17 01:09:14.031 [main] INFO  o.a.catalina.core.StandardService -Starting service [Tomcat]
2019-04-17 01:09:14.031 [main] INFO  o.a.catalina.core.StandardEngine -Starting Servlet engine: [Apache Tomcat/9.0.16]
2019-04-17 01:09:14.043 [main] INFO  o.a.c.core.AprLifecycleListener -The APR based Apache Tomcat Native library which allows optimal performance in production environments was not found on the java.library.path: [/Users/xfduan/Library/Java/Extensions:/Library/Java/Extensions:/Network/Library/Java/Extensions:/System/Library/Java/Extensions:/usr/lib/java:.]
2019-04-17 01:09:14.144 [main] INFO  o.a.c.c.C.[Tomcat].[localhost].[/] -Initializing Spring embedded WebApplicationContext
2019-04-17 01:09:14.144 [main] INFO  o.s.web.context.ContextLoader -Root WebApplicationContext: initialization completed in 1887 ms
2019-04-17 01:09:14.454 [main] INFO  c.alibaba.druid.pool.DruidDataSource -{dataSource-1} inited
2019-04-17 01:09:16.037 [main] INFO  o.h.jpa.internal.util.LogHelper -HHH000204: Processing PersistenceUnitInfo [
	name: default
	...]
2019-04-17 01:09:16.129 [main] INFO  org.hibernate.Version -HHH000412: Hibernate Core {5.3.7.Final}
2019-04-17 01:09:16.131 [main] INFO  org.hibernate.cfg.Environment -HHH000206: hibernate.properties not found
2019-04-17 01:09:16.316 [main] INFO  o.h.annotations.common.Version -HCANN000001: Hibernate Commons Annotations {5.0.4.Final}
2019-04-17 01:09:16.517 [main] INFO  org.hibernate.dialect.Dialect -HHH000400: Using dialect: org.hibernate.dialect.MySQL5Dialect
2019-04-17 01:09:18.261 [main] INFO  o.s.o.j.LocalContainerEntityManagerFactoryBean -Initialized JPA EntityManagerFactory for persistence unit 'default'
2019-04-17 01:09:18.780 [main] INFO  com.label.service.CacheServiceImpl -初始化cookie信息
2019-04-17 01:09:18.941 [main] INFO  com.label.service.CacheServiceImpl -初始化cookie信息结束
2019-04-17 01:09:19.146 [main] WARN  o.s.b.a.o.j.JpaBaseConfiguration$JpaWebConfiguration$JpaWebMvcConfiguration -spring.jpa.open-in-view is enabled by default. Therefore, database queries may be performed during view rendering. Explicitly configure spring.jpa.open-in-view to disable this warning
2019-04-17 01:09:19.341 [main] INFO  s.d.s.w.PropertySourcedRequestMappingHandlerMapping -Mapped URL path [/v2/api-docs] onto method [public org.springframework.http.ResponseEntity<springfox.documentation.spring.web.json.Json> springfox.documentation.swagger2.web.Swagger2Controller.getDocumentation(java.lang.String,javax.servlet.http.HttpServletRequest)]
2019-04-17 01:09:19.627 [main] INFO  s.d.s.w.p.DocumentationPluginsBootstrapper -Context refreshed
2019-04-17 01:09:19.648 [main] INFO  s.d.s.w.p.DocumentationPluginsBootstrapper -Found 1 custom documentation plugin(s)
2019-04-17 01:09:19.672 [main] INFO  s.d.s.w.s.ApiListingReferenceScanner -Scanning for api listing references
2019-04-17 01:09:19.860 [main] INFO  o.s.b.w.e.tomcat.TomcatWebServer -Tomcat started on port(s): 8080 (http) with context path ''
2019-04-17 01:09:19.863 [main] INFO  com.label.LabelApplication -Started LabelApplication in 28.179 seconds (JVM running for 28.853)
2019-04-17 01:09:33.578 [http-nio-8080-exec-1] INFO  o.a.c.c.C.[Tomcat].[localhost].[/] -Initializing Spring DispatcherServlet 'dispatcherServlet'
2019-04-17 01:09:33.580 [http-nio-8080-exec-1] INFO  o.s.web.servlet.DispatcherServlet -Initializing Servlet 'dispatcherServlet'
2019-04-17 01:09:33.593 [http-nio-8080-exec-1] INFO  o.s.web.servlet.DispatcherServlet -Completed initialization in 13 ms
2019-04-17 01:14:54.217 [Thread-3] INFO  o.s.o.j.LocalContainerEntityManagerFactoryBean -Closing JPA EntityManagerFactory for persistence unit 'default'
2019-04-17 01:14:54.261 [Thread-3] INFO  c.alibaba.druid.pool.DruidDataSource -{dataSource-1} closed
2019-04-17 01:15:16.899 [main] INFO  com.label.LabelApplication -Starting LabelApplication on xfduan-pc.local with PID 2026 (/Users/xfduan/WorkSpaces/personal/silly-label/server/target/classes started by xfduan in /Users/xfduan/WorkSpaces/personal/silly-label)
2019-04-17 01:15:16.904 [main] INFO  com.label.LabelApplication -No active profile set, falling back to default profiles: default
2019-04-17 01:15:17.626 [main] INFO  o.s.d.r.c.RepositoryConfigurationDelegate -Bootstrapping Spring Data repositories in DEFAULT mode.
2019-04-17 01:15:17.706 [main] INFO  o.s.d.r.c.RepositoryConfigurationDelegate -Finished Spring Data repository scanning in 73ms. Found 11 repository interfaces.
2019-04-17 01:15:18.016 [main] INFO  o.s.c.s.PostProcessorRegistrationDelegate$BeanPostProcessorChecker -Bean 'org.springframework.transaction.annotation.ProxyTransactionManagementConfiguration' of type [org.springframework.transaction.annotation.ProxyTransactionManagementConfiguration$$EnhancerBySpringCGLIB$$67d5274b] is not eligible for getting processed by all BeanPostProcessors (for example: not eligible for auto-proxying)
2019-04-17 01:15:18.418 [main] INFO  o.s.b.w.e.tomcat.TomcatWebServer -Tomcat initialized with port(s): 8080 (http)
2019-04-17 01:15:18.441 [main] INFO  o.a.catalina.core.StandardService -Starting service [Tomcat]
2019-04-17 01:15:18.441 [main] INFO  o.a.catalina.core.StandardEngine -Starting Servlet engine: [Apache Tomcat/9.0.16]
2019-04-17 01:15:18.451 [main] INFO  o.a.c.core.AprLifecycleListener -The APR based Apache Tomcat Native library which allows optimal performance in production environments was not found on the java.library.path: [/Users/xfduan/Library/Java/Extensions:/Library/Java/Extensions:/Network/Library/Java/Extensions:/System/Library/Java/Extensions:/usr/lib/java:.]
2019-04-17 01:15:18.544 [main] INFO  o.a.c.c.C.[Tomcat].[localhost].[/] -Initializing Spring embedded WebApplicationContext
2019-04-17 01:15:18.544 [main] INFO  o.s.web.context.ContextLoader -Root WebApplicationContext: initialization completed in 1602 ms
2019-04-17 01:15:18.778 [main] INFO  c.alibaba.druid.pool.DruidDataSource -{dataSource-1} inited
2019-04-17 01:15:20.977 [main] INFO  o.h.jpa.internal.util.LogHelper -HHH000204: Processing PersistenceUnitInfo [
	name: default
	...]
2019-04-17 01:15:21.056 [main] INFO  org.hibernate.Version -HHH000412: Hibernate Core {5.3.7.Final}
2019-04-17 01:15:21.058 [main] INFO  org.hibernate.cfg.Environment -HHH000206: hibernate.properties not found
2019-04-17 01:15:21.209 [main] INFO  o.h.annotations.common.Version -HCANN000001: Hibernate Commons Annotations {5.0.4.Final}
2019-04-17 01:15:21.361 [main] INFO  org.hibernate.dialect.Dialect -HHH000400: Using dialect: org.hibernate.dialect.MySQL5Dialect
2019-04-17 01:15:24.005 [main] INFO  o.s.o.j.LocalContainerEntityManagerFactoryBean -Initialized JPA EntityManagerFactory for persistence unit 'default'
2019-04-17 01:15:24.499 [main] INFO  com.label.service.CacheServiceImpl -初始化cookie信息
2019-04-17 01:15:24.674 [main] INFO  com.label.service.CacheServiceImpl -初始化cookie信息结束
2019-04-17 01:15:24.879 [main] WARN  o.s.b.a.o.j.JpaBaseConfiguration$JpaWebConfiguration$JpaWebMvcConfiguration -spring.jpa.open-in-view is enabled by default. Therefore, database queries may be performed during view rendering. Explicitly configure spring.jpa.open-in-view to disable this warning
2019-04-17 01:15:25.081 [main] INFO  s.d.s.w.PropertySourcedRequestMappingHandlerMapping -Mapped URL path [/v2/api-docs] onto method [public org.springframework.http.ResponseEntity<springfox.documentation.spring.web.json.Json> springfox.documentation.swagger2.web.Swagger2Controller.getDocumentation(java.lang.String,javax.servlet.http.HttpServletRequest)]
2019-04-17 01:15:25.357 [main] INFO  s.d.s.w.p.DocumentationPluginsBootstrapper -Context refreshed
2019-04-17 01:15:25.375 [main] INFO  s.d.s.w.p.DocumentationPluginsBootstrapper -Found 1 custom documentation plugin(s)
2019-04-17 01:15:25.399 [main] INFO  s.d.s.w.s.ApiListingReferenceScanner -Scanning for api listing references
2019-04-17 01:15:25.574 [main] INFO  o.s.b.w.e.tomcat.TomcatWebServer -Tomcat started on port(s): 8080 (http) with context path ''
2019-04-17 01:15:25.576 [main] INFO  com.label.LabelApplication -Started LabelApplication in 29.055 seconds (JVM running for 29.571)
2019-04-17 01:16:18.794 [http-nio-8080-exec-1] INFO  o.a.c.c.C.[Tomcat].[localhost].[/] -Initializing Spring DispatcherServlet 'dispatcherServlet'
2019-04-17 01:16:18.796 [http-nio-8080-exec-1] INFO  o.s.web.servlet.DispatcherServlet -Initializing Servlet 'dispatcherServlet'
2019-04-17 01:16:18.808 [http-nio-8080-exec-1] INFO  o.s.web.servlet.DispatcherServlet -Completed initialization in 11 ms
2019-04-17 01:16:30.175 [Thread-3] INFO  o.s.o.j.LocalContainerEntityManagerFactoryBean -Closing JPA EntityManagerFactory for persistence unit 'default'
2019-04-17 01:16:30.186 [Thread-3] INFO  c.alibaba.druid.pool.DruidDataSource -{dataSource-1} closed
2019-04-17 01:18:03.962 [main] INFO  com.label.LabelApplication -Starting LabelApplication on xfduan-pc.local with PID 2053 (/Users/xfduan/WorkSpaces/personal/silly-label/server/target/classes started by xfduan in /Users/xfduan/WorkSpaces/personal/silly-label)
2019-04-17 01:18:03.965 [main] INFO  com.label.LabelApplication -No active profile set, falling back to default profiles: default
2019-04-17 01:18:04.656 [main] INFO  o.s.d.r.c.RepositoryConfigurationDelegate -Bootstrapping Spring Data repositories in DEFAULT mode.
2019-04-17 01:18:04.738 [main] INFO  o.s.d.r.c.RepositoryConfigurationDelegate -Finished Spring Data repository scanning in 75ms. Found 11 repository interfaces.
2019-04-17 01:18:05.069 [main] INFO  o.s.c.s.PostProcessorRegistrationDelegate$BeanPostProcessorChecker -Bean 'org.springframework.transaction.annotation.ProxyTransactionManagementConfiguration' of type [org.springframework.transaction.annotation.ProxyTransactionManagementConfiguration$$EnhancerBySpringCGLIB$$593dc013] is not eligible for getting processed by all BeanPostProcessors (for example: not eligible for auto-proxying)
2019-04-17 01:18:05.464 [main] INFO  o.s.b.w.e.tomcat.TomcatWebServer -Tomcat initialized with port(s): 8080 (http)
2019-04-17 01:18:05.485 [main] INFO  o.a.catalina.core.StandardService -Starting service [Tomcat]
2019-04-17 01:18:05.485 [main] INFO  o.a.catalina.core.StandardEngine -Starting Servlet engine: [Apache Tomcat/9.0.16]
2019-04-17 01:18:05.494 [main] INFO  o.a.c.core.AprLifecycleListener -The APR based Apache Tomcat Native library which allows optimal performance in production environments was not found on the java.library.path: [/Users/xfduan/Library/Java/Extensions:/Library/Java/Extensions:/Network/Library/Java/Extensions:/System/Library/Java/Extensions:/usr/lib/java:.]
2019-04-17 01:18:05.586 [main] INFO  o.a.c.c.C.[Tomcat].[localhost].[/] -Initializing Spring embedded WebApplicationContext
2019-04-17 01:18:05.586 [main] INFO  o.s.web.context.ContextLoader -Root WebApplicationContext: initialization completed in 1589 ms
2019-04-17 01:18:05.812 [main] INFO  c.alibaba.druid.pool.DruidDataSource -{dataSource-1} inited
2019-04-17 01:18:07.172 [main] INFO  o.h.jpa.internal.util.LogHelper -HHH000204: Processing PersistenceUnitInfo [
	name: default
	...]
2019-04-17 01:18:07.242 [main] INFO  org.hibernate.Version -HHH000412: Hibernate Core {5.3.7.Final}
2019-04-17 01:18:07.244 [main] INFO  org.hibernate.cfg.Environment -HHH000206: hibernate.properties not found
2019-04-17 01:18:07.401 [main] INFO  o.h.annotations.common.Version -HCANN000001: Hibernate Commons Annotations {5.0.4.Final}
2019-04-17 01:18:07.543 [main] INFO  org.hibernate.dialect.Dialect -HHH000400: Using dialect: org.hibernate.dialect.MySQL5Dialect
2019-04-17 01:18:09.147 [main] INFO  o.s.o.j.LocalContainerEntityManagerFactoryBean -Initialized JPA EntityManagerFactory for persistence unit 'default'
2019-04-17 01:18:09.605 [main] INFO  com.label.service.CacheServiceImpl -初始化cookie信息
2019-04-17 01:18:09.762 [main] INFO  com.label.service.CacheServiceImpl -初始化cookie信息结束
2019-04-17 01:18:09.954 [main] WARN  o.s.b.a.o.j.JpaBaseConfiguration$JpaWebConfiguration$JpaWebMvcConfiguration -spring.jpa.open-in-view is enabled by default. Therefore, database queries may be performed during view rendering. Explicitly configure spring.jpa.open-in-view to disable this warning
2019-04-17 01:18:10.148 [main] INFO  s.d.s.w.PropertySourcedRequestMappingHandlerMapping -Mapped URL path [/v2/api-docs] onto method [public org.springframework.http.ResponseEntity<springfox.documentation.spring.web.json.Json> springfox.documentation.swagger2.web.Swagger2Controller.getDocumentation(java.lang.String,javax.servlet.http.HttpServletRequest)]
2019-04-17 01:18:10.408 [main] INFO  s.d.s.w.p.DocumentationPluginsBootstrapper -Context refreshed
2019-04-17 01:18:10.425 [main] INFO  s.d.s.w.p.DocumentationPluginsBootstrapper -Found 1 custom documentation plugin(s)
2019-04-17 01:18:10.447 [main] INFO  s.d.s.w.s.ApiListingReferenceScanner -Scanning for api listing references
2019-04-17 01:18:10.603 [main] INFO  o.s.b.w.e.tomcat.TomcatWebServer -Tomcat started on port(s): 8080 (http) with context path ''
2019-04-17 01:18:10.606 [main] INFO  com.label.LabelApplication -Started LabelApplication in 27.01 seconds (JVM running for 27.525)
2019-04-17 01:18:28.493 [http-nio-8080-exec-1] INFO  o.a.c.c.C.[Tomcat].[localhost].[/] -Initializing Spring DispatcherServlet 'dispatcherServlet'
2019-04-17 01:18:28.495 [http-nio-8080-exec-1] INFO  o.s.web.servlet.DispatcherServlet -Initializing Servlet 'dispatcherServlet'
2019-04-17 01:18:28.528 [http-nio-8080-exec-1] INFO  o.s.web.servlet.DispatcherServlet -Completed initialization in 32 ms
2019-04-17 01:26:39.490 [Thread-3] INFO  o.s.o.j.LocalContainerEntityManagerFactoryBean -Closing JPA EntityManagerFactory for persistence unit 'default'
2019-04-17 01:26:39.539 [Thread-3] INFO  c.alibaba.druid.pool.DruidDataSource -{dataSource-1} closed
2019-04-17 01:29:50.606 [main] INFO  com.label.LabelApplication -Starting LabelApplication on xfduan-pc.local with PID 2185 (/Users/xfduan/WorkSpaces/personal/silly-label/server/target/classes started by xfduan in /Users/xfduan/WorkSpaces/personal/silly-label)
2019-04-17 01:29:50.613 [main] INFO  com.label.LabelApplication -No active profile set, falling back to default profiles: default
2019-04-17 01:29:51.392 [main] INFO  o.s.d.r.c.RepositoryConfigurationDelegate -Bootstrapping Spring Data repositories in DEFAULT mode.
2019-04-17 01:29:51.481 [main] INFO  o.s.d.r.c.RepositoryConfigurationDelegate -Finished Spring Data repository scanning in 80ms. Found 11 repository interfaces.
2019-04-17 01:29:51.809 [main] INFO  o.s.c.s.PostProcessorRegistrationDelegate$BeanPostProcessorChecker -Bean 'org.springframework.transaction.annotation.ProxyTransactionManagementConfiguration' of type [org.springframework.transaction.annotation.ProxyTransactionManagementConfiguration$$EnhancerBySpringCGLIB$$144bb50b] is not eligible for getting processed by all BeanPostProcessors (for example: not eligible for auto-proxying)
2019-04-17 01:29:52.239 [main] INFO  o.s.b.w.e.tomcat.TomcatWebServer -Tomcat initialized with port(s): 8080 (http)
2019-04-17 01:29:52.261 [main] INFO  o.a.catalina.core.StandardService -Starting service [Tomcat]
2019-04-17 01:29:52.262 [main] INFO  o.a.catalina.core.StandardEngine -Starting Servlet engine: [Apache Tomcat/9.0.16]
2019-04-17 01:29:52.271 [main] INFO  o.a.c.core.AprLifecycleListener -The APR based Apache Tomcat Native library which allows optimal performance in production environments was not found on the java.library.path: [/Users/xfduan/Library/Java/Extensions:/Library/Java/Extensions:/Network/Library/Java/Extensions:/System/Library/Java/Extensions:/usr/lib/java:.]
2019-04-17 01:29:52.366 [main] INFO  o.a.c.c.C.[Tomcat].[localhost].[/] -Initializing Spring embedded WebApplicationContext
2019-04-17 01:29:52.366 [main] INFO  o.s.web.context.ContextLoader -Root WebApplicationContext: initialization completed in 1707 ms
2019-04-17 01:29:52.673 [main] INFO  c.alibaba.druid.pool.DruidDataSource -{dataSource-1} inited
2019-04-17 01:29:55.166 [main] INFO  o.h.jpa.internal.util.LogHelper -HHH000204: Processing PersistenceUnitInfo [
	name: default
	...]
2019-04-17 01:29:55.268 [main] INFO  org.hibernate.Version -HHH000412: Hibernate Core {5.3.7.Final}
2019-04-17 01:29:55.269 [main] INFO  org.hibernate.cfg.Environment -HHH000206: hibernate.properties not found
2019-04-17 01:29:55.478 [main] INFO  o.h.annotations.common.Version -HCANN000001: Hibernate Commons Annotations {5.0.4.Final}
2019-04-17 01:29:55.679 [main] INFO  org.hibernate.dialect.Dialect -HHH000400: Using dialect: org.hibernate.dialect.MySQL5Dialect
2019-04-17 01:29:57.597 [main] INFO  o.s.o.j.LocalContainerEntityManagerFactoryBean -Initialized JPA EntityManagerFactory for persistence unit 'default'
2019-04-17 01:29:58.132 [main] INFO  com.label.service.CacheServiceImpl -初始化cookie信息
2019-04-17 01:29:58.320 [main] INFO  com.label.service.CacheServiceImpl -初始化cookie信息结束
2019-04-17 01:29:58.528 [main] WARN  o.s.b.a.o.j.JpaBaseConfiguration$JpaWebConfiguration$JpaWebMvcConfiguration -spring.jpa.open-in-view is enabled by default. Therefore, database queries may be performed during view rendering. Explicitly configure spring.jpa.open-in-view to disable this warning
2019-04-17 01:29:58.715 [main] INFO  s.d.s.w.PropertySourcedRequestMappingHandlerMapping -Mapped URL path [/v2/api-docs] onto method [public org.springframework.http.ResponseEntity<springfox.documentation.spring.web.json.Json> springfox.documentation.swagger2.web.Swagger2Controller.getDocumentation(java.lang.String,javax.servlet.http.HttpServletRequest)]
2019-04-17 01:29:58.989 [main] INFO  s.d.s.w.p.DocumentationPluginsBootstrapper -Context refreshed
2019-04-17 01:29:59.008 [main] INFO  s.d.s.w.p.DocumentationPluginsBootstrapper -Found 1 custom documentation plugin(s)
2019-04-17 01:29:59.034 [main] INFO  s.d.s.w.s.ApiListingReferenceScanner -Scanning for api listing references
2019-04-17 01:29:59.209 [main] INFO  o.s.b.w.e.tomcat.TomcatWebServer -Tomcat started on port(s): 8080 (http) with context path ''
2019-04-17 01:29:59.212 [main] INFO  com.label.LabelApplication -Started LabelApplication in 29.075 seconds (JVM running for 29.833)
2019-04-17 01:31:53.909 [http-nio-8080-exec-1] INFO  o.a.c.c.C.[Tomcat].[localhost].[/] -Initializing Spring DispatcherServlet 'dispatcherServlet'
2019-04-17 01:31:53.911 [http-nio-8080-exec-1] INFO  o.s.web.servlet.DispatcherServlet -Initializing Servlet 'dispatcherServlet'
2019-04-17 01:31:53.923 [http-nio-8080-exec-1] INFO  o.s.web.servlet.DispatcherServlet -Completed initialization in 12 ms
2019-04-17 01:32:50.587 [Thread-3] INFO  o.s.o.j.LocalContainerEntityManagerFactoryBean -Closing JPA EntityManagerFactory for persistence unit 'default'
2019-04-17 01:32:50.606 [Thread-3] INFO  c.alibaba.druid.pool.DruidDataSource -{dataSource-1} closed
2019-04-17 01:33:12.447 [main] INFO  com.label.LabelApplication -Starting LabelApplication on xfduan-pc.local with PID 2193 (/Users/xfduan/WorkSpaces/personal/silly-label/server/target/classes started by xfduan in /Users/xfduan/WorkSpaces/personal/silly-label)
2019-04-17 01:33:12.455 [main] INFO  com.label.LabelApplication -No active profile set, falling back to default profiles: default
2019-04-17 01:33:13.311 [main] INFO  o.s.d.r.c.RepositoryConfigurationDelegate -Bootstrapping Spring Data repositories in DEFAULT mode.
2019-04-17 01:33:13.403 [main] INFO  o.s.d.r.c.RepositoryConfigurationDelegate -Finished Spring Data repository scanning in 85ms. Found 11 repository interfaces.
2019-04-17 01:33:13.762 [main] INFO  o.s.c.s.PostProcessorRegistrationDelegate$BeanPostProcessorChecker -Bean 'org.springframework.transaction.annotation.ProxyTransactionManagementConfiguration' of type [org.springframework.transaction.annotation.ProxyTransactionManagementConfiguration$$EnhancerBySpringCGLIB$$d9df7757] is not eligible for getting processed by all BeanPostProcessors (for example: not eligible for auto-proxying)
2019-04-17 01:33:14.228 [main] INFO  o.s.b.w.e.tomcat.TomcatWebServer -Tomcat initialized with port(s): 8080 (http)
2019-04-17 01:33:14.252 [main] INFO  o.a.catalina.core.StandardService -Starting service [Tomcat]
2019-04-17 01:33:14.252 [main] INFO  o.a.catalina.core.StandardEngine -Starting Servlet engine: [Apache Tomcat/9.0.16]
2019-04-17 01:33:14.261 [main] INFO  o.a.c.core.AprLifecycleListener -The APR based Apache Tomcat Native library which allows optimal performance in production environments was not found on the java.library.path: [/Users/xfduan/Library/Java/Extensions:/Library/Java/Extensions:/Network/Library/Java/Extensions:/System/Library/Java/Extensions:/usr/lib/java:.]
2019-04-17 01:33:14.361 [main] INFO  o.a.c.c.C.[Tomcat].[localhost].[/] -Initializing Spring embedded WebApplicationContext
2019-04-17 01:33:14.361 [main] INFO  o.s.web.context.ContextLoader -Root WebApplicationContext: initialization completed in 1811 ms
2019-04-17 01:33:14.625 [main] INFO  c.alibaba.druid.pool.DruidDataSource -{dataSource-1} inited
2019-04-17 01:33:15.954 [main] INFO  o.h.jpa.internal.util.LogHelper -HHH000204: Processing PersistenceUnitInfo [
	name: default
	...]
2019-04-17 01:33:16.023 [main] INFO  org.hibernate.Version -HHH000412: Hibernate Core {5.3.7.Final}
2019-04-17 01:33:16.025 [main] INFO  org.hibernate.cfg.Environment -HHH000206: hibernate.properties not found
2019-04-17 01:33:16.171 [main] INFO  o.h.annotations.common.Version -HCANN000001: Hibernate Commons Annotations {5.0.4.Final}
2019-04-17 01:33:16.352 [main] INFO  org.hibernate.dialect.Dialect -HHH000400: Using dialect: org.hibernate.dialect.MySQL5Dialect
2019-04-17 01:33:17.876 [main] INFO  o.s.o.j.LocalContainerEntityManagerFactoryBean -Initialized JPA EntityManagerFactory for persistence unit 'default'
2019-04-17 01:33:18.356 [main] INFO  com.label.service.CacheServiceImpl -初始化cookie信息
2019-04-17 01:33:18.533 [main] INFO  com.label.service.CacheServiceImpl -初始化cookie信息结束
2019-04-17 01:33:18.726 [main] WARN  o.s.b.a.o.j.JpaBaseConfiguration$JpaWebConfiguration$JpaWebMvcConfiguration -spring.jpa.open-in-view is enabled by default. Therefore, database queries may be performed during view rendering. Explicitly configure spring.jpa.open-in-view to disable this warning
2019-04-17 01:33:18.917 [main] INFO  s.d.s.w.PropertySourcedRequestMappingHandlerMapping -Mapped URL path [/v2/api-docs] onto method [public org.springframework.http.ResponseEntity<springfox.documentation.spring.web.json.Json> springfox.documentation.swagger2.web.Swagger2Controller.getDocumentation(java.lang.String,javax.servlet.http.HttpServletRequest)]
2019-04-17 01:33:19.204 [main] INFO  s.d.s.w.p.DocumentationPluginsBootstrapper -Context refreshed
2019-04-17 01:33:19.221 [main] INFO  s.d.s.w.p.DocumentationPluginsBootstrapper -Found 1 custom documentation plugin(s)
2019-04-17 01:33:19.244 [main] INFO  s.d.s.w.s.ApiListingReferenceScanner -Scanning for api listing references
2019-04-17 01:33:19.406 [main] INFO  o.s.b.w.e.tomcat.TomcatWebServer -Tomcat started on port(s): 8080 (http) with context path ''
2019-04-17 01:33:19.409 [main] INFO  com.label.LabelApplication -Started LabelApplication in 27.361 seconds (JVM running for 27.899)
2019-04-17 01:33:23.415 [http-nio-8080-exec-1] INFO  o.a.c.c.C.[Tomcat].[localhost].[/] -Initializing Spring DispatcherServlet 'dispatcherServlet'
2019-04-17 01:33:23.416 [http-nio-8080-exec-1] INFO  o.s.web.servlet.DispatcherServlet -Initializing Servlet 'dispatcherServlet'
2019-04-17 01:33:23.429 [http-nio-8080-exec-1] INFO  o.s.web.servlet.DispatcherServlet -Completed initialization in 12 ms
2019-04-17 01:33:34.095 [Thread-3] INFO  o.s.o.j.LocalContainerEntityManagerFactoryBean -Closing JPA EntityManagerFactory for persistence unit 'default'
2019-04-17 01:33:34.108 [Thread-3] INFO  c.alibaba.druid.pool.DruidDataSource -{dataSource-1} closed
2019-04-17 01:33:59.040 [main] INFO  com.label.LabelApplication -Starting LabelApplication on xfduan-pc.local with PID 2211 (/Users/xfduan/WorkSpaces/personal/silly-label/server/target/classes started by xfduan in /Users/xfduan/WorkSpaces/personal/silly-label)
2019-04-17 01:33:59.044 [main] INFO  com.label.LabelApplication -No active profile set, falling back to default profiles: default
2019-04-17 01:33:59.743 [main] INFO  o.s.d.r.c.RepositoryConfigurationDelegate -Bootstrapping Spring Data repositories in DEFAULT mode.
2019-04-17 01:33:59.819 [main] INFO  o.s.d.r.c.RepositoryConfigurationDelegate -Finished Spring Data repository scanning in 70ms. Found 11 repository interfaces.
2019-04-17 01:34:00.146 [main] INFO  o.s.c.s.PostProcessorRegistrationDelegate$BeanPostProcessorChecker -Bean 'org.springframework.transaction.annotation.ProxyTransactionManagementConfiguration' of type [org.springframework.transaction.annotation.ProxyTransactionManagementConfiguration$$EnhancerBySpringCGLIB$$a2e64d2d] is not eligible for getting processed by all BeanPostProcessors (for example: not eligible for auto-proxying)
2019-04-17 01:34:00.548 [main] INFO  o.s.b.w.e.tomcat.TomcatWebServer -Tomcat initialized with port(s): 8080 (http)
2019-04-17 01:34:00.571 [main] INFO  o.a.catalina.core.StandardService -Starting service [Tomcat]
2019-04-17 01:34:00.572 [main] INFO  o.a.catalina.core.StandardEngine -Starting Servlet engine: [Apache Tomcat/9.0.16]
2019-04-17 01:34:00.582 [main] INFO  o.a.c.core.AprLifecycleListener -The APR based Apache Tomcat Native library which allows optimal performance in production environments was not found on the java.library.path: [/Users/xfduan/Library/Java/Extensions:/Library/Java/Extensions:/Network/Library/Java/Extensions:/System/Library/Java/Extensions:/usr/lib/java:.]
2019-04-17 01:34:00.671 [main] INFO  o.a.c.c.C.[Tomcat].[localhost].[/] -Initializing Spring embedded WebApplicationContext
2019-04-17 01:34:00.671 [main] INFO  o.s.web.context.ContextLoader -Root WebApplicationContext: initialization completed in 1591 ms
2019-04-17 01:34:00.889 [main] INFO  c.alibaba.druid.pool.DruidDataSource -{dataSource-1} inited
2019-04-17 01:34:02.356 [main] INFO  o.h.jpa.internal.util.LogHelper -HHH000204: Processing PersistenceUnitInfo [
	name: default
	...]
2019-04-17 01:34:02.435 [main] INFO  org.hibernate.Version -HHH000412: Hibernate Core {5.3.7.Final}
2019-04-17 01:34:02.436 [main] INFO  org.hibernate.cfg.Environment -HHH000206: hibernate.properties not found
2019-04-17 01:34:02.589 [main] INFO  o.h.annotations.common.Version -HCANN000001: Hibernate Commons Annotations {5.0.4.Final}
2019-04-17 01:34:02.743 [main] INFO  org.hibernate.dialect.Dialect -HHH000400: Using dialect: org.hibernate.dialect.MySQL5Dialect
2019-04-17 01:34:04.211 [main] INFO  o.s.o.j.LocalContainerEntityManagerFactoryBean -Initialized JPA EntityManagerFactory for persistence unit 'default'
2019-04-17 01:34:04.689 [main] INFO  com.label.service.CacheServiceImpl -初始化cookie信息
2019-04-17 01:34:04.860 [main] INFO  com.label.service.CacheServiceImpl -初始化cookie信息结束
2019-04-17 01:34:05.059 [main] WARN  o.s.b.a.o.j.JpaBaseConfiguration$JpaWebConfiguration$JpaWebMvcConfiguration -spring.jpa.open-in-view is enabled by default. Therefore, database queries may be performed during view rendering. Explicitly configure spring.jpa.open-in-view to disable this warning
2019-04-17 01:34:05.262 [main] INFO  s.d.s.w.PropertySourcedRequestMappingHandlerMapping -Mapped URL path [/v2/api-docs] onto method [public org.springframework.http.ResponseEntity<springfox.documentation.spring.web.json.Json> springfox.documentation.swagger2.web.Swagger2Controller.getDocumentation(java.lang.String,javax.servlet.http.HttpServletRequest)]
2019-04-17 01:34:05.534 [main] INFO  s.d.s.w.p.DocumentationPluginsBootstrapper -Context refreshed
2019-04-17 01:34:05.553 [main] INFO  s.d.s.w.p.DocumentationPluginsBootstrapper -Found 1 custom documentation plugin(s)
2019-04-17 01:34:05.580 [main] INFO  s.d.s.w.s.ApiListingReferenceScanner -Scanning for api listing references
2019-04-17 01:34:05.752 [main] INFO  o.s.b.w.e.tomcat.TomcatWebServer -Tomcat started on port(s): 8080 (http) with context path ''
2019-04-17 01:34:05.755 [main] INFO  com.label.LabelApplication -Started LabelApplication in 27.085 seconds (JVM running for 27.599)
2019-04-17 01:35:32.717 [http-nio-8080-exec-1] INFO  o.a.c.c.C.[Tomcat].[localhost].[/] -Initializing Spring DispatcherServlet 'dispatcherServlet'
2019-04-17 01:35:32.721 [http-nio-8080-exec-1] INFO  o.s.web.servlet.DispatcherServlet -Initializing Servlet 'dispatcherServlet'
2019-04-17 01:35:32.763 [http-nio-8080-exec-1] INFO  o.s.web.servlet.DispatcherServlet -Completed initialization in 42 ms
2019-04-17 01:35:51.022 [Thread-3] INFO  o.s.o.j.LocalContainerEntityManagerFactoryBean -Closing JPA EntityManagerFactory for persistence unit 'default'
2019-04-17 01:35:51.038 [Thread-3] INFO  c.alibaba.druid.pool.DruidDataSource -{dataSource-1} closed
2019-04-17 01:37:40.023 [main] INFO  com.label.LabelApplication -Starting LabelApplication on xfduan-pc.local with PID 2232 (/Users/xfduan/WorkSpaces/personal/silly-label/server/target/classes started by xfduan in /Users/xfduan/WorkSpaces/personal/silly-label)
2019-04-17 01:37:40.029 [main] INFO  com.label.LabelApplication -No active profile set, falling back to default profiles: default
2019-04-17 01:37:40.804 [main] INFO  o.s.d.r.c.RepositoryConfigurationDelegate -Bootstrapping Spring Data repositories in DEFAULT mode.
2019-04-17 01:37:40.897 [main] INFO  o.s.d.r.c.RepositoryConfigurationDelegate -Finished Spring Data repository scanning in 82ms. Found 11 repository interfaces.
2019-04-17 01:37:41.225 [main] INFO  o.s.c.s.PostProcessorRegistrationDelegate$BeanPostProcessorChecker -Bean 'org.springframework.transaction.annotation.ProxyTransactionManagementConfiguration' of type [org.springframework.transaction.annotation.ProxyTransactionManagementConfiguration$$EnhancerBySpringCGLIB$$d1445af4] is not eligible for getting processed by all BeanPostProcessors (for example: not eligible for auto-proxying)
2019-04-17 01:37:41.678 [main] INFO  o.s.b.w.e.tomcat.TomcatWebServer -Tomcat initialized with port(s): 8080 (http)
2019-04-17 01:37:41.700 [main] INFO  o.a.catalina.core.StandardService -Starting service [Tomcat]
2019-04-17 01:37:41.701 [main] INFO  o.a.catalina.core.StandardEngine -Starting Servlet engine: [Apache Tomcat/9.0.16]
2019-04-17 01:37:41.711 [main] INFO  o.a.c.core.AprLifecycleListener -The APR based Apache Tomcat Native library which allows optimal performance in production environments was not found on the java.library.path: [/Users/xfduan/Library/Java/Extensions:/Library/Java/Extensions:/Network/Library/Java/Extensions:/System/Library/Java/Extensions:/usr/lib/java:.]
2019-04-17 01:37:41.804 [main] INFO  o.a.c.c.C.[Tomcat].[localhost].[/] -Initializing Spring embedded WebApplicationContext
2019-04-17 01:37:41.804 [main] INFO  o.s.web.context.ContextLoader -Root WebApplicationContext: initialization completed in 1740 ms
2019-04-17 01:37:42.066 [main] INFO  c.alibaba.druid.pool.DruidDataSource -{dataSource-1} inited
2019-04-17 01:37:43.427 [main] INFO  o.h.jpa.internal.util.LogHelper -HHH000204: Processing PersistenceUnitInfo [
	name: default
	...]
2019-04-17 01:37:43.530 [main] INFO  org.hibernate.Version -HHH000412: Hibernate Core {5.3.7.Final}
2019-04-17 01:37:43.531 [main] INFO  org.hibernate.cfg.Environment -HHH000206: hibernate.properties not found
2019-04-17 01:37:43.731 [main] INFO  o.h.annotations.common.Version -HCANN000001: Hibernate Commons Annotations {5.0.4.Final}
2019-04-17 01:37:43.935 [main] INFO  org.hibernate.dialect.Dialect -HHH000400: Using dialect: org.hibernate.dialect.MySQL5Dialect
2019-04-17 01:37:45.581 [main] INFO  o.s.o.j.LocalContainerEntityManagerFactoryBean -Initialized JPA EntityManagerFactory for persistence unit 'default'
2019-04-17 01:37:46.120 [main] INFO  com.label.service.CacheServiceImpl -初始化cookie信息
2019-04-17 01:37:46.300 [main] INFO  com.label.service.CacheServiceImpl -初始化cookie信息结束
2019-04-17 01:37:46.498 [main] WARN  o.s.b.a.o.j.JpaBaseConfiguration$JpaWebConfiguration$JpaWebMvcConfiguration -spring.jpa.open-in-view is enabled by default. Therefore, database queries may be performed during view rendering. Explicitly configure spring.jpa.open-in-view to disable this warning
2019-04-17 01:37:46.702 [main] INFO  s.d.s.w.PropertySourcedRequestMappingHandlerMapping -Mapped URL path [/v2/api-docs] onto method [public org.springframework.http.ResponseEntity<springfox.documentation.spring.web.json.Json> springfox.documentation.swagger2.web.Swagger2Controller.getDocumentation(java.lang.String,javax.servlet.http.HttpServletRequest)]
2019-04-17 01:37:46.992 [main] INFO  s.d.s.w.p.DocumentationPluginsBootstrapper -Context refreshed
2019-04-17 01:37:47.013 [main] INFO  s.d.s.w.p.DocumentationPluginsBootstrapper -Found 1 custom documentation plugin(s)
2019-04-17 01:37:47.039 [main] INFO  s.d.s.w.s.ApiListingReferenceScanner -Scanning for api listing references
2019-04-17 01:37:47.212 [main] INFO  o.s.b.w.e.tomcat.TomcatWebServer -Tomcat started on port(s): 8080 (http) with context path ''
2019-04-17 01:37:47.215 [main] INFO  com.label.LabelApplication -Started LabelApplication in 27.618 seconds (JVM running for 28.17)
2019-04-17 01:38:02.650 [http-nio-8080-exec-1] INFO  o.a.c.c.C.[Tomcat].[localhost].[/] -Initializing Spring DispatcherServlet 'dispatcherServlet'
2019-04-17 01:38:02.651 [http-nio-8080-exec-1] INFO  o.s.web.servlet.DispatcherServlet -Initializing Servlet 'dispatcherServlet'
2019-04-17 01:38:02.663 [http-nio-8080-exec-1] INFO  o.s.web.servlet.DispatcherServlet -Completed initialization in 11 ms
